SF:lib\data\datasource\movie_local_data_source.dart
DA:15,1
DA:18,1
DA:20,3
DA:23,2
DA:28,1
DA:30,3
DA:33,2
DA:38,1
DA:39,3
DA:41,1
DA:48,1
DA:49,3
DA:50,4
LF:13
LH:13
end_of_record
SF:lib\data\models\movie_table.dart
DA:11,2
DA:18,2
DA:19,1
DA:20,1
DA:21,1
DA:22,1
DA:25,2
DA:26,1
DA:27,1
DA:28,1
DA:29,1
DA:32,0
DA:33,0
DA:34,0
DA:35,0
DA:36,0
DA:39,2
DA:40,1
DA:41,1
DA:42,1
DA:43,1
DA:46,2
DA:47,10
LF:23
LH:18
end_of_record
SF:lib\domain\entities\genre.dart
DA:4,6
DA:12,2
DA:13,6
LF:3
LH:3
end_of_record
SF:lib\domain\entities\movie.dart
DA:4,11
DA:20,1
DA:41,8
DA:42,8
DA:43,8
DA:44,8
DA:45,8
DA:46,8
DA:47,8
DA:48,8
DA:49,8
DA:50,8
DA:51,8
DA:52,8
DA:53,8
DA:54,8
DA:55,8
LF:17
LH:17
end_of_record
SF:lib\domain\entities\movie_detail.dart
DA:5,6
DA:33,2
DA:34,2
DA:35,2
DA:36,2
DA:37,2
DA:38,2
DA:39,2
DA:40,2
DA:41,2
DA:42,2
DA:43,2
DA:44,2
DA:45,2
LF:14
LH:14
end_of_record
SF:lib\data\datasource\movie_remote_data_source.dart
DA:24,1
DA:27,1
DA:28,5
DA:30,2
DA:31,4
DA:33,1
DA:38,1
DA:39,5
DA:41,2
DA:42,3
DA:44,1
DA:49,1
DA:50,5
DA:52,2
DA:53,4
DA:55,1
DA:60,1
DA:61,5
DA:63,2
DA:64,4
DA:66,1
DA:71,1
DA:72,5
DA:74,2
DA:75,4
DA:77,1
DA:82,1
DA:83,5
DA:85,2
DA:86,4
DA:88,1
LF:31
LH:31
end_of_record
SF:lib\data\models\movie_detail_model.dart
DA:6,2
DA:52,2
DA:53,1
DA:54,1
DA:55,1
DA:56,5
DA:57,1
DA:58,1
DA:59,1
DA:60,1
DA:61,1
DA:62,1
DA:63,2
DA:64,1
DA:65,1
DA:66,1
DA:67,1
DA:68,1
DA:69,1
DA:70,1
DA:71,1
DA:72,2
DA:73,1
DA:76,0
DA:77,0
DA:78,0
DA:79,0
DA:80,0
DA:81,0
DA:82,0
DA:83,0
DA:84,0
DA:85,0
DA:86,0
DA:87,0
DA:88,0
DA:89,0
DA:90,0
DA:91,0
DA:92,0
DA:93,0
DA:94,0
DA:95,0
DA:96,0
DA:97,0
DA:100,1
DA:101,1
DA:102,1
DA:103,1
DA:104,5
DA:105,1
DA:106,1
DA:107,1
DA:108,1
DA:109,1
DA:110,1
DA:111,1
DA:112,1
DA:113,1
DA:117,1
DA:118,1
DA:119,1
DA:120,1
DA:121,1
DA:122,1
DA:123,1
DA:124,1
DA:125,1
DA:126,1
DA:127,1
DA:128,1
DA:129,1
DA:130,1
DA:131,1
DA:132,1
DA:133,1
DA:134,1
DA:135,1
DA:136,1
DA:137,1
DA:138,1
DA:139,1
LF:82
LH:60
end_of_record
SF:lib\data\models\movie_model.dart
DA:5,4
DA:35,4
DA:36,2
DA:37,2
DA:38,8
DA:39,2
DA:40,2
DA:41,2
DA:42,4
DA:43,2
DA:44,2
DA:45,2
DA:46,2
DA:47,4
DA:48,2
DA:51,2
DA:52,1
DA:53,1
DA:54,4
DA:55,1
DA:56,1
DA:57,1
DA:58,1
DA:59,1
DA:60,1
DA:61,1
DA:62,1
DA:63,1
DA:64,1
DA:67,2
DA:68,2
DA:69,2
DA:70,2
DA:71,2
DA:72,2
DA:73,2
DA:74,2
DA:75,2
DA:76,2
DA:77,2
DA:78,2
DA:79,2
DA:80,2
DA:81,2
DA:85,2
DA:86,2
DA:87,2
DA:88,2
DA:89,2
DA:90,2
DA:91,2
DA:92,2
DA:93,2
DA:94,2
DA:95,2
DA:96,2
DA:97,2
DA:98,2
DA:99,2
LF:59
LH:59
end_of_record
SF:lib\data\models\movie_response.dart
DA:7,2
DA:9,4
DA:10,4
DA:11,6
DA:12,6
DA:15,2
DA:16,5
DA:19,1
DA:20,2
LF:9
LH:9
end_of_record
SF:lib\data\models\genre_model.dart
DA:5,2
DA:13,2
DA:14,1
DA:15,1
DA:18,0
DA:19,0
DA:20,0
DA:23,1
DA:24,3
DA:27,1
DA:28,3
LF:11
LH:8
end_of_record
SF:lib\domain\usecases\get_movie_detail.dart
DA:9,1
DA:11,1
DA:12,2
LF:3
LH:3
end_of_record
SF:lib\data\repositories\movie_repository_impl.dart
DA:17,1
DA:23,1
DA:25,3
DA:26,5
DA:27,1
DA:28,2
DA:29,1
DA:30,2
DA:31,0
DA:32,0
DA:37,1
DA:39,3
DA:40,2
DA:41,1
DA:42,2
DA:43,1
DA:44,2
DA:45,0
DA:46,0
DA:51,1
DA:53,3
DA:54,3
DA:55,1
DA:56,2
DA:57,1
DA:58,2
DA:59,0
DA:60,0
DA:65,1
DA:67,3
DA:68,5
DA:69,1
DA:70,2
DA:71,1
DA:72,2
DA:73,0
DA:74,0
DA:79,1
DA:81,3
DA:82,5
DA:83,1
DA:84,2
DA:85,1
DA:86,2
DA:87,0
DA:88,0
DA:93,1
DA:95,3
DA:96,5
DA:97,1
DA:98,2
DA:99,1
DA:100,2
DA:101,0
DA:102,0
DA:107,1
DA:109,4
DA:110,1
DA:111,1
DA:112,3
DA:119,1
DA:121,4
DA:122,1
DA:123,1
DA:124,3
DA:129,1
DA:130,3
DA:135,1
DA:136,3
DA:137,5
LF:70
LH:58
end_of_record
SF:lib\domain\usecases\get_movie_recommendations.dart
DA:9,1
DA:11,1
DA:12,2
LF:3
LH:3
end_of_record
SF:lib\domain\usecases\get_now_playing_movies.dart
DA:9,1
DA:11,1
DA:12,2
LF:3
LH:3
end_of_record
SF:lib\domain\usecases\get_popular_movies.dart
DA:9,1
DA:11,1
DA:12,2
LF:3
LH:3
end_of_record
SF:lib\domain\usecases\get_top_rated_movies.dart
DA:9,1
DA:11,1
DA:12,2
LF:3
LH:3
end_of_record
SF:lib\domain\usecases\get_watchlist_movies.dart
DA:9,1
DA:11,1
DA:12,2
LF:3
LH:3
end_of_record
SF:lib\domain\usecases\get_watchlist_status.dart
DA:6,1
DA:8,1
DA:9,2
LF:3
LH:3
end_of_record
SF:lib\domain\usecases\remove_watchlist.dart
DA:9,1
DA:11,1
DA:12,2
LF:3
LH:3
end_of_record
SF:lib\domain\usecases\save_watchlist.dart
DA:9,1
DA:11,1
DA:12,2
LF:3
LH:3
end_of_record
SF:lib\domain\usecases\search_movies.dart
DA:9,1
DA:11,1
DA:12,2
LF:3
LH:3
end_of_record
SF:lib\bloc\movie_detail_state.dart
DA:13,2
DA:24,1
DA:37,1
DA:38,1
DA:39,1
DA:40,1
DA:41,1
DA:42,1
DA:43,1
DA:44,1
DA:45,1
DA:49,2
DA:60,2
DA:61,2
DA:62,2
DA:63,2
DA:64,2
DA:65,2
DA:66,2
DA:67,2
DA:68,2
DA:69,2
DA:72,2
LF:23
LH:23
end_of_record
SF:lib\bloc\movie_detail_bloc_cubit.dart
DA:20,1
DA:26,2
DA:28,1
DA:29,3
DA:35,3
DA:37,2
DA:38,3
DA:41,1
DA:43,1
DA:44,3
DA:46,3
DA:48,1
DA:49,0
DA:51,0
DA:53,1
DA:54,3
DA:62,1
DA:63,3
DA:65,1
DA:66,0
DA:67,0
DA:69,1
DA:70,3
DA:75,2
DA:78,1
DA:79,3
DA:81,2
DA:82,3
DA:83,1
DA:85,1
DA:86,3
DA:91,2
DA:94,1
DA:95,3
DA:96,3
LF:35
LH:31
end_of_record
SF:lib\bloc\movie_list_bloc_cubit.dart
DA:15,1
DA:19,1
DA:20,1
DA:23,1
DA:24,3
DA:26,3
DA:28,2
DA:29,3
DA:31,1
DA:33,1
DA:34,3
DA:41,1
DA:42,3
DA:44,3
DA:46,2
DA:47,3
DA:49,1
DA:51,1
DA:52,3
DA:59,1
DA:60,3
DA:62,3
DA:64,2
DA:65,3
DA:67,1
DA:69,1
DA:70,3
LF:27
LH:27
end_of_record
SF:lib\bloc\movie_list_state.dart
DA:16,2
DA:28,1
DA:39,1
DA:40,1
DA:41,1
DA:42,1
DA:43,1
DA:44,1
DA:45,1
DA:46,1
DA:47,1
DA:48,1
DA:52,2
DA:64,2
DA:65,2
DA:66,2
DA:67,2
DA:68,2
DA:69,2
DA:70,2
DA:71,2
DA:72,2
DA:73,2
DA:74,2
LF:24
LH:24
end_of_record
SF:lib\bloc\popular_movies_bloc_cubit.dart
DA:11,1
DA:13,1
DA:14,1
DA:17,1
DA:18,3
DA:23,3
DA:25,2
DA:26,3
DA:28,1
DA:30,1
DA:31,3
LF:11
LH:11
end_of_record
SF:lib\bloc\popular_movies_state.dart
DA:8,2
DA:14,1
DA:20,1
DA:21,0
DA:22,1
DA:23,1
DA:27,2
DA:33,2
DA:34,2
DA:35,2
DA:36,2
DA:37,2
LF:12
LH:11
end_of_record
SF:lib\bloc\search_movies_state.dart
DA:4,1
DA:6,1
DA:7,1
DA:17,1
DA:19,1
DA:20,2
DA:26,1
DA:28,1
DA:29,2
LF:9
LH:9
end_of_record
SF:lib\bloc\search_movies_event.dart
DA:4,1
DA:6,0
DA:7,0
DA:13,1
DA:15,0
DA:16,0
LF:6
LH:2
end_of_record
SF:lib\bloc\search_movies_bloc.dart
DA:13,3
DA:15,1
DA:20,2
DA:24,1
DA:27,1
DA:28,1
DA:30,2
DA:31,3
DA:33,2
DA:34,1
DA:35,3
DA:37,1
DA:38,2
LF:13
LH:13
end_of_record
SF:lib\bloc\top_rated_movies_bloc_cubit.dart
DA:11,1
DA:13,1
DA:14,1
DA:17,1
DA:18,3
DA:23,3
DA:25,2
DA:26,3
DA:28,1
DA:30,1
DA:31,3
LF:11
LH:11
end_of_record
SF:lib\bloc\top_rated_movies_state.dart
DA:8,2
DA:14,1
DA:20,1
DA:21,0
DA:22,1
DA:23,1
DA:27,2
DA:33,2
DA:34,2
DA:35,2
DA:36,2
DA:37,2
LF:12
LH:11
end_of_record
SF:lib\bloc\watchlist_movies_bloc_cubit.dart
DA:11,1
DA:13,1
DA:14,1
DA:17,1
DA:18,3
DA:23,3
DA:25,2
DA:26,3
DA:28,1
DA:30,1
DA:31,3
LF:11
LH:11
end_of_record
SF:lib\bloc\watchlist_movies_state.dart
DA:8,1
DA:14,1
DA:20,1
DA:21,0
DA:22,1
DA:23,1
DA:27,2
DA:33,1
DA:34,1
DA:35,1
DA:36,1
DA:37,1
LF:12
LH:11
end_of_record
SF:lib\presentasion\pages\home_movie_page.dart
DA:15,1
DA:16,1
DA:20,1
DA:22,1
DA:23,4
DA:24,1
DA:25,1
DA:26,1
DA:29,1
DA:31,1
DA:32,1
DA:33,1
DA:34,1
DA:35,1
DA:43,1
DA:44,1
DA:45,1
DA:46,1
DA:47,0
DA:48,0
DA:51,1
DA:52,1
DA:53,1
DA:54,1
DA:55,0
DA:56,0
DA:59,1
DA:60,1
DA:61,1
DA:62,1
DA:63,0
DA:64,0
DA:67,1
DA:68,1
DA:69,0
DA:70,0
DA:72,1
DA:73,1
DA:78,1
DA:79,1
DA:80,1
DA:81,1
DA:82,0
DA:83,0
DA:85,1
DA:89,1
DA:91,1
DA:92,1
DA:94,1
DA:95,1
DA:97,1
DA:99,1
DA:100,2
DA:101,1
DA:102,1
DA:107,2
DA:108,0
DA:109,1
DA:110,1
DA:111,1
DA:112,2
DA:115,0
DA:119,1
DA:121,0
DA:123,1
DA:124,2
DA:125,1
DA:126,1
DA:131,2
DA:132,0
DA:133,1
DA:134,1
DA:135,1
DA:136,2
DA:139,0
DA:143,1
DA:145,0
DA:147,1
DA:148,2
DA:149,1
DA:150,1
DA:155,2
DA:156,0
DA:157,1
DA:158,1
DA:159,1
DA:160,2
DA:163,0
DA:174,1
DA:175,1
DA:177,1
DA:178,1
DA:180,1
DA:182,1
DA:184,1
DA:186,1
DA:187,3
DA:199,0
DA:201,0
DA:203,0
DA:205,0
DA:207,0
DA:208,0
DA:209,0
DA:211,0
DA:212,0
DA:213,0
DA:216,0
DA:219,0
DA:220,0
DA:221,0
DA:222,0
DA:223,0
DA:224,0
DA:226,0
DA:232,0
LF:116
LH:79
end_of_record
SF:lib\presentasion\pages\movie_detail_page.dart
DA:16,1
DA:18,1
DA:19,1
DA:23,1
DA:25,1
DA:26,5
DA:27,5
DA:30,1
DA:32,1
DA:33,1
DA:34,2
DA:35,1
DA:36,1
DA:37,1
DA:38,1
DA:39,1
DA:41,2
DA:42,1
DA:43,1
DA:44,1
DA:46,0
DA:47,0
DA:48,0
DA:51,0
DA:62,1
DA:64,1
DA:65,4
DA:68,1
DA:70,3
DA:71,1
DA:72,1
DA:73,1
DA:74,3
DA:76,2
DA:77,1
DA:79,0
DA:81,1
DA:83,1
DA:84,1
DA:85,1
DA:86,1
DA:88,2
DA:95,1
DA:96,1
DA:97,1
DA:99,1
DA:101,1
DA:103,1
DA:104,1
DA:105,2
DA:106,1
DA:108,1
DA:109,1
DA:110,3
DA:111,1
DA:112,1
DA:113,1
DA:115,1
DA:119,1
DA:120,0
DA:122,0
DA:126,1
DA:127,1
DA:128,1
DA:129,1
DA:130,3
DA:132,0
DA:135,1
DA:137,1
DA:138,1
DA:147,1
DA:148,3
DA:150,1
DA:151,3
DA:153,1
DA:154,1
DA:155,1
DA:156,3
DA:158,2
DA:164,4
DA:167,1
DA:168,1
DA:170,1
DA:172,1
DA:173,2
DA:175,1
DA:176,1
DA:178,1
DA:180,1
DA:181,1
DA:182,1
DA:183,0
DA:184,0
DA:186,1
DA:187,0
DA:188,1
DA:189,1
DA:190,1
DA:192,1
DA:194,0
DA:195,0
DA:196,0
DA:198,0
DA:199,0
DA:200,0
DA:203,0
DA:206,0
DA:207,0
DA:208,0
DA:210,0
DA:212,0
DA:213,0
DA:214,0
DA:216,0
DA:217,0
DA:223,2
DA:227,0
DA:235,1
DA:237,1
DA:252,1
DA:254,1
DA:257,1
DA:258,1
DA:259,0
DA:260,0
DA:269,1
DA:271,2
DA:272,3
DA:275,1
DA:279,3
DA:282,1
DA:283,1
DA:284,1
DA:286,1
DA:287,1
DA:289,0
LF:136
LH:105
end_of_record
SF:lib\presentasion\pages\popular_movies_page.dart
DA:10,1
DA:11,1
DA:15,1
DA:17,1
DA:18,3
DA:21,1
DA:22,3
DA:25,1
DA:27,1
DA:28,1
DA:29,1
DA:31,1
DA:33,1
DA:34,2
DA:35,1
DA:36,1
DA:37,1
DA:38,1
DA:39,1
DA:41,2
DA:42,1
DA:43,1
DA:44,1
DA:45,1
DA:46,1
DA:47,1
DA:49,1
DA:51,1
DA:52,1
DA:53,1
DA:54,2
DA:57,0
DA:58,0
LF:33
LH:31
end_of_record
SF:lib\presentasion\pages\search_page.dart
DA:11,0
DA:13,0
DA:14,0
DA:15,0
DA:17,0
DA:19,0
DA:21,0
DA:22,0
DA:23,0
DA:24,0
DA:26,0
DA:28,0
DA:29,0
DA:33,0
DA:34,0
DA:36,0
DA:38,0
DA:39,0
DA:40,0
DA:41,0
DA:42,0
DA:44,0
DA:45,0
DA:46,0
DA:47,0
DA:49,0
DA:50,0
DA:51,0
DA:53,0
DA:56,0
DA:57,0
DA:58,0
DA:59,0
DA:63,0
DA:64,0
LF:35
LH:0
end_of_record
SF:lib\presentasion\pages\top_rated_movies_page.dart
DA:10,1
DA:11,1
DA:15,1
DA:17,1
DA:18,3
DA:21,1
DA:22,3
DA:25,1
DA:27,1
DA:28,1
DA:29,1
DA:31,1
DA:33,1
DA:34,2
DA:35,1
DA:36,1
DA:37,1
DA:38,1
DA:39,1
DA:41,2
DA:42,1
DA:43,1
DA:44,1
DA:45,1
DA:46,1
DA:47,1
DA:49,1
DA:51,1
DA:52,1
DA:53,1
DA:54,2
DA:57,0
LF:32
LH:31
end_of_record
SF:lib\presentasion\pages\watchlist_movies_page.dart
DA:10,0
DA:11,0
DA:15,0
DA:17,0
DA:18,0
DA:21,0
DA:22,0
DA:25,0
DA:27,0
DA:29,0
DA:30,0
DA:31,0
DA:32,0
DA:33,0
DA:34,0
DA:36,0
DA:37,0
DA:38,0
DA:39,0
DA:40,0
DA:42,0
DA:44,0
DA:45,0
DA:46,0
DA:49,0
LF:25
LH:0
end_of_record
SF:lib\presentasion\widgets\movie_card_list.dart
DA:11,2
DA:13,2
DA:15,2
DA:17,2
DA:18,0
DA:19,0
DA:22,0
DA:25,0
DA:26,0
DA:29,2
DA:31,2
DA:32,2
DA:33,2
DA:39,2
DA:41,2
DA:42,2
DA:43,4
DA:46,2
DA:48,2
DA:49,2
DA:50,4
DA:58,2
DA:63,2
DA:64,2
DA:65,6
DA:67,4
DA:68,2
DA:70,0
DA:72,4
LF:29
LH:23
end_of_record
