SF:lib\data\datasources\series_remote_data_source.dart
DA:24,1
DA:27,1
DA:28,5
DA:30,2
DA:31,4
DA:33,1
DA:38,1
DA:39,5
DA:41,2
DA:42,4
DA:44,1
DA:49,1
DA:50,5
DA:52,2
DA:53,4
DA:55,1
DA:60,1
DA:61,5
DA:63,2
DA:64,3
DA:66,1
DA:71,1
DA:72,5
DA:74,2
DA:75,4
DA:77,1
DA:82,0
DA:83,0
DA:85,0
DA:86,0
DA:88,0
LF:31
LH:26
end_of_record
SF:lib\data\models\series_detail_model.dart
DA:6,2
DA:32,2
DA:33,1
DA:34,1
DA:35,1
DA:36,1
DA:37,5
DA:38,1
DA:39,1
DA:40,2
DA:41,1
DA:42,2
DA:43,1
DA:46,0
DA:47,0
DA:48,0
DA:49,0
DA:50,0
DA:51,0
DA:52,0
DA:53,0
DA:54,0
DA:57,1
DA:58,1
DA:59,1
DA:60,1
DA:61,1
DA:62,1
DA:63,5
DA:64,1
DA:65,1
DA:66,1
DA:67,1
DA:68,1
DA:69,1
DA:73,1
DA:74,1
DA:75,1
DA:76,1
DA:77,1
DA:78,1
DA:79,1
DA:80,1
DA:81,1
DA:82,1
DA:83,1
DA:84,1
DA:85,1
LF:48
LH:39
end_of_record
SF:lib\data\models\series_response.dart
DA:7,2
DA:9,4
DA:10,4
DA:11,6
DA:12,6
DA:15,2
DA:16,5
DA:19,1
DA:20,2
LF:9
LH:9
end_of_record
SF:lib\data\datasources\series_local_data_source.dart
DA:14,0
DA:17,0
DA:19,0
DA:22,0
DA:27,0
DA:29,0
DA:32,0
DA:37,0
DA:38,0
DA:40,0
DA:47,0
DA:48,0
DA:49,0
LF:13
LH:0
end_of_record
SF:lib\data\models\series_model.dart
DA:5,4
DA:31,4
DA:32,2
DA:33,2
DA:34,2
DA:35,2
DA:36,8
DA:37,2
DA:38,2
DA:39,4
DA:40,2
DA:41,4
DA:42,2
DA:45,2
DA:46,1
DA:47,4
DA:48,1
DA:49,1
DA:50,1
DA:51,1
DA:52,1
DA:53,1
DA:54,1
DA:55,1
DA:56,1
DA:59,2
DA:60,2
DA:61,2
DA:62,2
DA:63,2
DA:64,2
DA:65,2
DA:66,2
DA:67,2
DA:68,2
DA:69,2
DA:70,2
DA:71,2
DA:75,2
DA:76,2
DA:77,2
DA:78,2
DA:79,2
DA:80,2
DA:81,2
DA:82,2
DA:83,2
DA:84,2
DA:85,2
DA:86,2
DA:87,2
LF:51
LH:51
end_of_record
SF:lib\data\models\series_table.dart
DA:11,1
DA:18,2
DA:19,1
DA:20,1
DA:21,1
DA:22,1
DA:25,0
DA:26,0
DA:27,0
DA:28,0
DA:29,0
DA:32,0
DA:33,0
DA:34,0
DA:35,0
DA:36,0
DA:39,2
DA:40,1
DA:41,1
DA:42,1
DA:43,1
DA:46,1
DA:47,5
LF:23
LH:13
end_of_record
SF:lib\domain\entities\series.dart
DA:4,11
DA:18,1
DA:37,8
DA:38,8
DA:39,8
DA:40,8
DA:41,8
DA:42,8
DA:43,8
DA:44,8
DA:45,8
DA:46,8
DA:47,8
DA:48,8
DA:49,8
LF:15
LH:15
end_of_record
SF:lib\domain\entities\series_detail.dart
DA:5,6
DA:31,2
DA:32,2
DA:33,2
DA:34,2
DA:35,2
DA:36,2
DA:37,2
DA:38,2
DA:39,2
DA:40,2
DA:41,2
DA:42,2
DA:43,2
LF:14
LH:14
end_of_record
SF:lib\bloc\watchlist_series_bloc_cubit.dart
DA:11,1
DA:13,1
DA:14,1
DA:17,1
DA:18,3
DA:23,3
DA:25,2
DA:26,3
DA:28,1
DA:30,1
DA:31,3
LF:11
LH:11
end_of_record
SF:lib\bloc\watchlist_series_state.dart
DA:8,1
DA:14,1
DA:20,1
DA:21,0
DA:22,1
DA:23,1
DA:27,2
DA:33,1
DA:34,1
DA:35,1
DA:36,1
DA:37,1
LF:12
LH:11
end_of_record
SF:lib\domain\usecases\get_watchlist_series.dart
DA:9,1
DA:11,1
DA:12,2
LF:3
LH:3
end_of_record
SF:lib\domain\entities\genre.dart
DA:4,6
DA:12,2
DA:13,6
LF:3
LH:3
end_of_record
SF:lib\data\models\genre_model.dart
DA:5,2
DA:13,2
DA:14,1
DA:15,1
DA:18,0
DA:19,0
DA:20,0
DA:23,1
DA:24,3
DA:27,1
DA:28,3
LF:11
LH:8
end_of_record
SF:lib\data\repositories\series_repository_impl.dart
DA:16,1
DA:22,1
DA:24,3
DA:25,5
DA:26,1
DA:27,2
DA:28,1
DA:29,2
DA:30,0
DA:31,0
DA:36,1
DA:38,3
DA:39,3
DA:40,1
DA:41,2
DA:42,1
DA:43,2
DA:44,0
DA:45,0
DA:50,1
DA:52,3
DA:53,5
DA:54,1
DA:55,2
DA:56,1
DA:57,2
DA:58,0
DA:59,0
DA:64,1
DA:66,3
DA:67,5
DA:68,1
DA:69,2
DA:70,1
DA:71,2
DA:72,0
DA:73,0
DA:78,1
DA:80,3
DA:81,2
DA:82,1
DA:83,2
DA:84,1
DA:85,2
DA:86,0
DA:87,0
DA:92,1
DA:94,3
DA:95,5
DA:96,1
DA:97,2
DA:98,1
DA:99,2
DA:100,0
DA:101,0
DA:106,1
DA:108,4
DA:109,1
DA:110,1
DA:111,3
DA:118,1
DA:120,4
DA:121,1
DA:122,1
DA:123,3
DA:128,1
DA:129,3
DA:134,1
DA:135,3
DA:136,5
LF:70
LH:58
end_of_record
SF:lib\domain\usecases\get_now_playing_series.dart
DA:9,1
DA:11,1
DA:12,2
LF:3
LH:3
end_of_record
SF:lib\domain\usecases\get_popular_series.dart
DA:9,1
DA:11,1
DA:12,2
LF:3
LH:3
end_of_record
SF:lib\domain\usecases\get_series_detail.dart
DA:9,1
DA:11,1
DA:12,2
LF:3
LH:3
end_of_record
SF:lib\domain\usecases\get_series_recommendations.dart
DA:9,1
DA:11,1
DA:12,2
LF:3
LH:3
end_of_record
SF:lib\domain\usecases\get_top_rated_series.dart
DA:9,1
DA:11,1
DA:12,2
LF:3
LH:3
end_of_record
SF:lib\domain\usecases\get_watchlist_status_series.dart
DA:6,1
DA:8,1
DA:9,2
LF:3
LH:3
end_of_record
SF:lib\domain\usecases\remove_watchlist_series.dart
DA:9,1
DA:11,1
DA:12,2
LF:3
LH:3
end_of_record
SF:lib\domain\usecases\save_watchlist_series.dart
DA:9,1
DA:11,1
DA:12,2
LF:3
LH:3
end_of_record
SF:lib\domain\usecases\search_series.dart
DA:9,1
DA:11,1
DA:12,2
LF:3
LH:3
end_of_record
SF:lib\bloc\popular_series_bloc_cubit.dart
DA:11,1
DA:13,1
DA:14,1
DA:17,1
DA:18,3
DA:23,3
DA:25,2
DA:26,3
DA:28,1
DA:30,1
DA:31,3
LF:11
LH:11
end_of_record
SF:lib\bloc\popular_series_state.dart
DA:8,2
DA:14,1
DA:20,1
DA:21,0
DA:22,1
DA:23,1
DA:27,2
DA:33,2
DA:34,2
DA:35,2
DA:36,2
DA:37,2
LF:12
LH:11
end_of_record
SF:lib\bloc\search_series_state.dart
DA:4,1
DA:6,1
DA:7,1
DA:17,1
DA:19,1
DA:20,2
DA:26,1
DA:28,1
DA:29,2
LF:9
LH:9
end_of_record
SF:lib\bloc\search_series_event.dart
DA:4,1
DA:6,0
DA:7,0
DA:13,1
DA:15,0
DA:16,0
LF:6
LH:2
end_of_record
SF:lib\bloc\search_series_bloc.dart
DA:13,3
DA:15,1
DA:20,2
DA:24,1
DA:27,1
DA:28,1
DA:30,2
DA:31,3
DA:33,2
DA:34,1
DA:35,3
DA:37,1
DA:38,2
LF:13
LH:13
end_of_record
SF:lib\bloc\series_list_bloc_cubit.dart
DA:15,1
DA:19,1
DA:20,1
DA:23,1
DA:24,3
DA:26,3
DA:28,2
DA:29,3
DA:31,1
DA:33,1
DA:34,3
DA:41,1
DA:42,3
DA:44,3
DA:46,2
DA:47,3
DA:49,1
DA:51,1
DA:52,3
DA:59,1
DA:60,3
DA:62,3
DA:64,2
DA:65,3
DA:67,1
DA:69,1
DA:70,3
LF:27
LH:27
end_of_record
SF:lib\bloc\series_list_state.dart
DA:16,2
DA:28,1
DA:39,1
DA:40,1
DA:41,1
DA:42,1
DA:43,1
DA:44,1
DA:45,1
DA:46,1
DA:47,1
DA:48,1
DA:52,2
DA:64,2
DA:65,2
DA:66,2
DA:67,2
DA:68,2
DA:69,2
DA:70,2
DA:71,2
DA:72,2
DA:73,2
DA:74,2
LF:24
LH:24
end_of_record
SF:lib\bloc\series_detail_state.dart
DA:13,2
DA:23,1
DA:36,1
DA:37,1
DA:38,1
DA:39,1
DA:40,1
DA:41,1
DA:42,1
DA:43,1
DA:44,1
DA:48,2
DA:59,2
DA:60,2
DA:61,2
DA:62,2
DA:63,2
DA:64,2
DA:65,2
DA:66,2
DA:67,2
DA:68,2
DA:71,2
LF:23
LH:23
end_of_record
SF:lib\bloc\series_detail_bloc_cubit.dart
DA:20,1
DA:26,2
DA:28,1
DA:29,3
DA:35,3
DA:37,2
DA:38,3
DA:41,1
DA:43,1
DA:44,3
DA:46,3
DA:48,1
DA:49,0
DA:51,0
DA:53,1
DA:54,3
DA:62,1
DA:63,3
DA:65,1
DA:66,0
DA:67,0
DA:69,1
DA:70,3
DA:75,2
DA:78,1
DA:79,3
DA:81,2
DA:82,3
DA:83,1
DA:85,1
DA:86,3
DA:91,2
DA:94,1
DA:95,3
DA:96,3
LF:35
LH:31
end_of_record
SF:lib\bloc\top_rated_series_bloc_cubit.dart
DA:11,1
DA:13,1
DA:14,1
DA:17,1
DA:18,3
DA:23,3
DA:25,2
DA:26,3
DA:28,1
DA:30,1
DA:31,3
LF:11
LH:11
end_of_record
SF:lib\bloc\top_rated_series_state.dart
DA:8,2
DA:14,1
DA:20,1
DA:21,0
DA:22,1
DA:23,1
DA:27,2
DA:33,2
DA:34,2
DA:35,2
DA:36,2
DA:37,2
LF:12
LH:11
end_of_record
SF:lib\presentation\pages\about_page.dart
DA:7,1
DA:9,1
DA:10,1
DA:11,1
DA:12,1
DA:13,1
DA:14,1
DA:15,1
DA:16,1
DA:17,1
DA:19,1
DA:20,1
DA:21,1
DA:28,1
DA:29,1
DA:32,1
DA:34,1
DA:41,1
DA:42,1
DA:43,0
DA:44,1
LF:21
LH:20
end_of_record
SF:lib\presentation\pages\home_series_page.dart
DA:19,1
DA:20,1
DA:24,1
DA:26,1
DA:27,4
DA:28,1
DA:29,1
DA:30,1
DA:33,1
DA:35,1
DA:36,1
DA:37,1
DA:38,1
DA:39,1
DA:40,0
DA:41,0
DA:43,1
DA:47,1
DA:49,1
DA:50,1
DA:52,1
DA:53,1
DA:55,1
DA:57,1
DA:58,2
DA:59,1
DA:60,1
DA:61,1
DA:62,1
DA:63,1
DA:65,2
DA:66,0
DA:67,1
DA:68,1
DA:69,1
DA:70,2
DA:73,0
DA:77,1
DA:79,0
DA:81,1
DA:82,2
DA:83,1
DA:84,1
DA:85,1
DA:86,1
DA:87,1
DA:89,2
DA:90,0
DA:91,1
DA:92,1
DA:93,1
DA:94,2
DA:97,0
DA:101,1
DA:103,0
DA:105,1
DA:106,2
DA:107,1
DA:108,1
DA:109,1
DA:110,1
DA:111,1
DA:113,2
DA:114,0
DA:115,1
DA:116,1
DA:117,1
DA:118,2
DA:121,0
DA:132,1
DA:133,1
DA:135,1
DA:136,1
DA:138,1
DA:140,1
DA:142,1
DA:144,1
DA:145,3
DA:157,0
DA:159,0
DA:161,0
DA:163,0
DA:165,0
DA:166,0
DA:167,0
DA:169,0
DA:170,0
DA:171,0
DA:174,0
DA:177,0
DA:178,0
DA:179,0
DA:180,0
DA:181,0
DA:182,0
DA:184,0
DA:190,0
LF:97
LH:68
end_of_record
SF:lib\presentation\pages\popular_series_page.dart
DA:10,1
DA:11,1
DA:15,1
DA:17,1
DA:18,3
DA:21,1
DA:22,3
DA:25,1
DA:27,1
DA:28,1
DA:29,1
DA:31,1
DA:33,1
DA:34,2
DA:35,1
DA:36,1
DA:37,1
DA:38,1
DA:39,1
DA:41,2
DA:42,1
DA:43,1
DA:44,1
DA:45,1
DA:46,1
DA:47,1
DA:49,1
DA:51,1
DA:52,1
DA:53,1
DA:54,2
DA:57,0
LF:32
LH:31
end_of_record
SF:lib\presentation\pages\search_series_page.dart
DA:11,0
DA:13,0
DA:14,0
DA:15,0
DA:17,0
DA:19,0
DA:21,0
DA:22,0
DA:23,0
DA:24,0
DA:26,0
DA:28,0
DA:29,0
DA:33,0
DA:34,0
DA:36,0
DA:38,0
DA:39,0
DA:40,0
DA:41,0
DA:42,0
DA:44,0
DA:45,0
DA:46,0
DA:47,0
DA:49,0
DA:50,0
DA:51,0
DA:53,0
DA:56,0
DA:57,0
DA:58,0
DA:59,0
DA:63,0
DA:64,0
LF:35
LH:0
end_of_record
SF:lib\presentation\pages\series_detail_page.dart
DA:17,1
DA:19,1
DA:20,1
DA:24,1
DA:26,1
DA:27,5
DA:28,5
DA:31,1
DA:33,1
DA:34,1
DA:35,2
DA:36,1
DA:37,1
DA:38,1
DA:39,1
DA:40,1
DA:42,2
DA:43,1
DA:44,1
DA:45,1
DA:47,0
DA:48,0
DA:49,0
DA:52,0
DA:63,1
DA:65,1
DA:66,4
DA:69,1
DA:71,3
DA:72,1
DA:73,1
DA:74,1
DA:75,3
DA:77,2
DA:78,1
DA:80,0
DA:82,1
DA:84,1
DA:85,1
DA:86,1
DA:87,1
DA:89,2
DA:96,1
DA:97,1
DA:98,1
DA:100,1
DA:102,1
DA:104,1
DA:105,1
DA:106,2
DA:107,1
DA:109,1
DA:110,1
DA:111,3
DA:112,1
DA:113,1
DA:114,1
DA:116,1
DA:120,1
DA:121,0
DA:123,0
DA:127,1
DA:128,1
DA:129,1
DA:130,1
DA:131,3
DA:133,0
DA:136,1
DA:138,1
DA:139,1
DA:148,1
DA:149,3
DA:151,1
DA:152,1
DA:153,1
DA:154,3
DA:156,2
DA:162,4
DA:165,1
DA:166,1
DA:168,1
DA:170,1
DA:171,2
DA:173,1
DA:174,1
DA:176,1
DA:178,1
DA:179,1
DA:180,1
DA:181,0
DA:182,0
DA:184,1
DA:185,0
DA:186,1
DA:187,1
DA:188,1
DA:190,1
DA:192,0
DA:193,0
DA:194,0
DA:196,0
DA:197,0
DA:198,0
DA:201,0
DA:204,0
DA:205,0
DA:206,0
DA:208,0
DA:210,0
DA:211,0
DA:212,0
DA:214,0
DA:215,0
DA:221,2
DA:225,0
DA:233,1
DA:235,1
DA:250,1
DA:252,1
DA:255,1
DA:256,1
DA:257,0
DA:258,0
DA:267,1
DA:269,2
DA:270,3
DA:273,1
DA:277,3
LF:128
LH:98
end_of_record
SF:lib\presentation\pages\top_rated_series_page.dart
DA:10,1
DA:11,1
DA:15,1
DA:17,1
DA:18,3
DA:21,1
DA:22,3
DA:25,1
DA:27,1
DA:28,1
DA:29,1
DA:31,1
DA:33,1
DA:34,2
DA:35,1
DA:36,1
DA:37,1
DA:38,1
DA:39,1
DA:41,2
DA:42,1
DA:43,1
DA:44,1
DA:45,1
DA:46,1
DA:47,1
DA:49,1
DA:51,1
DA:52,1
DA:53,1
DA:54,2
DA:57,0
LF:32
LH:31
end_of_record
SF:lib\presentation\widgets\series_card_list.dart
DA:12,2
DA:14,2
DA:16,2
DA:18,2
DA:19,0
DA:20,0
DA:23,0
DA:26,0
DA:27,0
DA:30,2
DA:32,2
DA:33,2
DA:34,2
DA:40,2
DA:42,2
DA:43,2
DA:44,4
DA:47,2
DA:49,2
DA:50,2
DA:51,4
DA:59,2
DA:64,2
DA:65,2
DA:66,6
DA:68,4
DA:69,2
DA:71,0
DA:73,4
LF:29
LH:23
end_of_record
